<?xml version="1.0" encoding="UTF-8"?>
<testsuite name="PortfolioTest" tests="1" skipped="0" failures="0" errors="0" timestamp="2021-02-12T00:41:05" hostname="DESKTOP-ODK3S1M" time="13.334">
  <properties/>
  <testcase name="gettingANonexistentStockReturnsOptionalEmpty()" classname="PortfolioTest" time="13.334"/>
  <system-out><![CDATA[]]></system-out>
  <system-err><![CDATA[]]></system-err>
</testsuite>
